#
# There is insufficient memory for the Java Runtime Environment to continue.
# Native memory allocation (mmap) failed to map 134217728 bytes for Failed to commit area from 0x0000000081c00000 to 0x0000000089c00000 of length 134217728.
# Possible reasons:
#   The system is out of physical RAM or swap space
#   The process is running with CompressedOops enabled, and the Java Heap may be blocking the growth of the native heap
# Possible solutions:
#   Reduce memory load on the system
#   Increase physical memory or swap space
#   Check if swap backing store is full
#   Decrease Java heap size (-Xmx/-Xms)
#   Decrease number of Java threads
#   Decrease Java thread stack sizes (-Xss)
#   Set larger code cache with -XX:ReservedCodeCacheSize=
# This output file may be truncated or incomplete.
#
#  Out of Memory Error (./src/hotspot/os/windows/os_windows.cpp:3521), pid=1172, tid=2096
#
# JRE version:  (11.0.12+7) (build )
# Java VM: OpenJDK 64-Bit Server VM (11.0.12+7-b1504.28, mixed mode, sharing, tiered, compressed oops, g1 gc, windows-amd64)
# No core dump will be written. Minidumps are not enabled by default on client versions of Windows
#

---------------  S U M M A R Y ------------

Command Line: git4idea.http.GitAskPassApp Username for 'https://github.com': 

Host: Intel(R) Core(TM) i7-4800MQ CPU @ 2.70GHz, 8 cores, 7G,  Windows 10 , 64 bit Build 19041 (10.0.19041.2788)
Time: Mon May  8 06:21:08 2023 Afr. centrale Ouest elapsed time: 0.046538 seconds (0d 0h 0m 0s)

---------------  T H R E A D  ---------------

Current thread (0x00000199c94cb000):  JavaThread "Unknown thread" [_thread_in_vm, id=2096, stack(0x0000008153400000,0x0000008153500000)]

Stack: [0x0000008153400000,0x0000008153500000]
Native frames: (J=compiled Java code, j=interpreted, Vv=VM code, C=native code)
V  [jvm.dll+0x5ff40a]
V  [jvm.dll+0x783b65]
V  [jvm.dll+0x78517d]
V  [jvm.dll+0x785833]
V  [jvm.dll+0x249408]
V  [jvm.dll+0x5fc7f4]
V  [jvm.dll+0x5f13c5]
V  [jvm.dll+0x3076bb]
V  [jvm.dll+0x30762a]
V  [jvm.dll+0x307502]
V  [jvm.dll+0x30c466]
V  [jvm.dll+0x355543]
V  [jvm.dll+0x355c46]
V  [jvm.dll+0x355643]
V  [jvm.dll+0x2e2018]
V  [jvm.dll+0x2e31c7]
V  [jvm.dll+0x761f57]
V  [jvm.dll+0x76374c]
V  [jvm.dll+0x362ab9]
V  [jvm.dll+0x7455be]
V  [jvm.dll+0x3cb673]
V  [jvm.dll+0x3cda21]
C  [jli.dll+0x536b]
C  [ucrtbase.dll+0x21bb2]
C  [KERNEL32.DLL+0x17604]
C  [ntdll.dll+0x526a1]


---------------  P R O C E S S  ---------------

Threads class SMR info:
_java_thread_list=0x00000199c93d1a30, length=0, elements={
}

Java Threads: ( => current thread )

Other Threads:
  0x00000199c94e4800 GCTaskThread "GC Thread#0" [stack: 0x0000008153500000,0x0000008153600000] [id=16180]
  0x00000199c9516000 ConcurrentGCThread "G1 Main Marker" [stack: 0x0000008153600000,0x0000008153700000] [id=5892]
  0x00000199c9519800 ConcurrentGCThread "G1 Conc#0" [stack: 0x0000008153700000,0x0000008153800000] [id=14000]

[error occurred during error reporting (printing all threads), id 0xc0000005, EXCEPTION_ACCESS_VIOLATION (0xc0000005) at pc=0x00007fff149227a7]

VM state:not at safepoint (not fully initialized)

VM Mutex/Monitor currently owned by a thread:  ([mutex/lock_event])
[0x00000199c94c77c0] Heap_lock - owner thread: 0x00000199c94cb000

Heap address: 0x0000000081c00000, size: 2020 MB, Compressed Oops mode: Non-zero based: 0x0000000081c00000
Narrow klass base: 0x0000000000000000, Narrow klass shift: 0

GC Heap History (0 events):
No events

Deoptimization events (0 events):
No events

Classes redefined (0 events):
No events

Internal exceptions (0 events):
No events

Events (1 events):
Event: 0.028 Loaded shared library C:\Program Files\JetBrains\IntelliJ IDEA 2021.2.2\jbr\bin\zip.dll


Dynamic libraries:
0x00007ff7739c0000 - 0x00007ff7739ca000 	C:\Program Files\JetBrains\IntelliJ IDEA 2021.2.2\jbr\bin\java.exe
0x00007fff873b0000 - 0x00007fff875a8000 	C:\WINDOWS\SYSTEM32\ntdll.dll
0x00007fff85580000 - 0x00007fff8563f000 	C:\WINDOWS\System32\KERNEL32.DLL
0x00007fff84fd0000 - 0x00007fff852aa000 	C:\WINDOWS\System32\KERNELBASE.dll
0x00007fff84e30000 - 0x00007fff84f30000 	C:\WINDOWS\System32\ucrtbase.dll
0x00007fff59420000 - 0x00007fff59439000 	C:\Program Files\JetBrains\IntelliJ IDEA 2021.2.2\jbr\bin\jli.dll
0x00007fff17370000 - 0x00007fff17387000 	C:\Program Files\JetBrains\IntelliJ IDEA 2021.2.2\jbr\bin\VCRUNTIME140.dll
0x00007fff857b0000 - 0x00007fff8594d000 	C:\WINDOWS\System32\USER32.dll
0x00007fff6f710000 - 0x00007fff6f9aa000 	C:\WINDOWS\WinSxS\amd64_microsoft.windows.common-controls_6595b64144ccf1df_6.0.19041.1110_none_60b5254171f9507e\COMCTL32.dll
0x00007fff84b70000 - 0x00007fff84b92000 	C:\WINDOWS\System32\win32u.dll
0x00007fff85410000 - 0x00007fff854ae000 	C:\WINDOWS\System32\msvcrt.dll
0x00007fff85660000 - 0x00007fff8568b000 	C:\WINDOWS\System32\GDI32.dll
0x00007fff84d20000 - 0x00007fff84e30000 	C:\WINDOWS\System32\gdi32full.dll
0x00007fff84f30000 - 0x00007fff84fcd000 	C:\WINDOWS\System32\msvcp_win.dll
0x00007fff86b60000 - 0x00007fff86b90000 	C:\WINDOWS\System32\IMM32.DLL
0x00007fff0ef20000 - 0x00007fff0efbd000 	C:\Program Files\JetBrains\IntelliJ IDEA 2021.2.2\jbr\bin\msvcp140.dll
0x00007fff14630000 - 0x00007fff15188000 	C:\Program Files\JetBrains\IntelliJ IDEA 2021.2.2\jbr\bin\server\jvm.dll
0x00007fff87050000 - 0x00007fff870fe000 	C:\WINDOWS\System32\ADVAPI32.dll
0x00007fff86cc0000 - 0x00007fff86d5c000 	C:\WINDOWS\System32\sechost.dll
0x00007fff86b90000 - 0x00007fff86cb6000 	C:\WINDOWS\System32\RPCRT4.dll
0x00007fff85ef0000 - 0x00007fff85ef8000 	C:\WINDOWS\System32\PSAPI.DLL
0x00007fff6fa40000 - 0x00007fff6fa49000 	C:\WINDOWS\SYSTEM32\WSOCK32.dll
0x00007fff746a0000 - 0x00007fff746c7000 	C:\WINDOWS\SYSTEM32\WINMM.dll
0x00007fff85dd0000 - 0x00007fff85e3b000 	C:\WINDOWS\System32\WS2_32.dll
0x00007fff77d80000 - 0x00007fff77d8a000 	C:\WINDOWS\SYSTEM32\VERSION.dll
0x00007fff83310000 - 0x00007fff83322000 	C:\WINDOWS\SYSTEM32\kernel.appcore.dll
0x00007fff7dcd0000 - 0x00007fff7dce1000 	C:\Program Files\JetBrains\IntelliJ IDEA 2021.2.2\jbr\bin\verify.dll
0x00007fff70e90000 - 0x00007fff71074000 	C:\WINDOWS\SYSTEM32\DBGHELP.DLL
0x00007fff6f1c0000 - 0x00007fff6f1f4000 	C:\WINDOWS\SYSTEM32\dbgcore.DLL
0x00007fff84bf0000 - 0x00007fff84c72000 	C:\WINDOWS\System32\bcryptPrimitives.dll
0x00007fff63190000 - 0x00007fff631b9000 	C:\Program Files\JetBrains\IntelliJ IDEA 2021.2.2\jbr\bin\java.dll
0x00007fff7e640000 - 0x00007fff7e64b000 	C:\Program Files\JetBrains\IntelliJ IDEA 2021.2.2\jbr\bin\jimage.dll
0x00007fff76f90000 - 0x00007fff76fa8000 	C:\Program Files\JetBrains\IntelliJ IDEA 2021.2.2\jbr\bin\zip.dll

dbghelp: loaded successfully - version: 4.0.5 - missing functions: none
symbol engine: initialized successfully - sym options: 0x614 - pdb path: .;C:\Program Files\JetBrains\IntelliJ IDEA 2021.2.2\jbr\bin;C:\WINDOWS\SYSTEM32;C:\WINDOWS\WinSxS\amd64_microsoft.windows.common-controls_6595b64144ccf1df_6.0.19041.1110_none_60b5254171f9507e;C:\Program Files\JetBrains\IntelliJ IDEA 2021.2.2\jbr\bin\server

VM Arguments:
java_command: git4idea.http.GitAskPassApp Username for 'https://github.com': 
java_class_path (initial): C:/Program Files/JetBrains/IntelliJ IDEA 2021.2.2/plugins/git4idea/lib/git4idea-rt.jar;C:/Program Files/JetBrains/IntelliJ IDEA 2021.2.2/lib/3rd-party.jar
Launcher Type: SUN_STANDARD

[Global flags]
     intx CICompilerCount                          = 4                                         {product} {ergonomic}
     uint ConcGCThreads                            = 2                                         {product} {ergonomic}
     uint G1ConcRefinementThreads                  = 8                                         {product} {ergonomic}
   size_t G1HeapRegionSize                         = 1048576                                   {product} {ergonomic}
    uintx GCDrainStackTargetSize                   = 64                                        {product} {ergonomic}
   size_t InitialHeapSize                          = 134217728                                 {product} {ergonomic}
   size_t MarkStackSize                            = 4194304                                   {product} {ergonomic}
   size_t MaxHeapSize                              = 2118123520                                {product} {ergonomic}
   size_t MinHeapDeltaBytes                        = 1048576                                   {product} {ergonomic}
    uintx NonNMethodCodeHeapSize                   = 5836300                                {pd product} {ergonomic}
    uintx NonProfiledCodeHeapSize                  = 122910970                              {pd product} {ergonomic}
    uintx ProfiledCodeHeapSize                     = 122910970                              {pd product} {ergonomic}
    uintx ReservedCodeCacheSize                    = 251658240                              {pd product} {ergonomic}
     bool SegmentedCodeCache                       = true                                      {product} {ergonomic}
     bool UseCompressedClassPointers               = true                                 {lp64_product} {ergonomic}
     bool UseCompressedOops                        = true                                 {lp64_product} {ergonomic}
     bool UseG1GC                                  = true                                      {product} {ergonomic}
     bool UseLargePagesIndividualAllocation        = false                                  {pd product} {ergonomic}

Logging:
Log output configuration:
 #0: stdout all=warning uptime,level,tags
 #1: stderr all=off uptime,level,tags

Environment Variables:
PATH=C:/Program Files/Git/mingw64/libexec/git-core;C:/Program Files/Git/mingw64/libexec/git-core;C:\Program Files\Git\mingw64\bin;C:\Program Files\Git\usr\bin;C:\Users\NANA NDANTANG\bin;C:\Windows\System32;C:\Program Files\Java\jre1.8.0_291\bin
USERNAME=NANA NDANTANG
DISPLAY=:0.0
LC_ALL=en_US.UTF-8
OS=Windows_NT
PROCESSOR_IDENTIFIER=Intel64 Family 6 Model 60 Stepping 3, GenuineIntel



---------------  S Y S T E M  ---------------

OS: Windows 10 , 64 bit Build 19041 (10.0.19041.2788)
OS uptime: 0 days 0:57 hours

CPU:total 8 (initial active 8) (4 cores per cpu, 2 threads per core) family 6 model 60 stepping 3 microcode 0x27, cmov, cx8, fxsr, mmx, sse, sse2, sse3, ssse3, sse4.1, sse4.2, popcnt, avx, avx2, aes, clmul, erms, lzcnt, ht, tsc, tscinvbit, bmi1, bmi2, fma

Memory: 4k page, system-wide physical 8073M (283M free)
TotalPageFile size 20407M (AvailPageFile size 81M)
current process WorkingSet (physical memory assigned to process): 10M, peak: 10M
current process commit charge ("private bytes"): 60M, peak: 187M

vm_info: OpenJDK 64-Bit Server VM (11.0.12+7-b1504.28) for windows-amd64 JRE (11.0.12+7-b1504.28), built on Sep  3 2021 08:39:15 by "" with MS VC++ 14.0 (VS2015)

END.
